<?xml version="1.0" encoding="UTF-8"?>
<!-- Generated by org.testng.reporters.JUnitReportReporter -->
<testsuite skipped="0" hostname="DESKTOP-9RKPRPI" name="com.org.pune.MavenSelenium3.MainTestClass" tests="1" failures="0" timestamp="07 Apr 2019 06:21:26 GMT" time="0.004" errors="0">
  <testcase name="f" time="0.004" classname="com.org.pune.MavenSelenium3.MainTestClass"/>
</testsuite> <!-- com.org.pune.MavenSelenium3.MainTestClass -->
